<?xml version="1.0" encoding="UTF-8"?>
<testng-results skipped="0" failed="0" total="1" passed="1">
  <reporter-output>
  </reporter-output>
  <suite name="Suite-Listeners" duration-ms="11009" started-at="2016-04-21T10:53:05Z" finished-at="2016-04-21T10:53:16Z">
    <groups>
    </groups>
    <test name="Batch-Listeners" duration-ms="11009" started-at="2016-04-21T10:53:05Z" finished-at="2016-04-21T10:53:16Z">
      <class name="loginEasyops.EasyOpsLoginTest">
        <test-method status="PASS" signature="setup()[pri:0, instance:loginEasyops.EasyOpsLoginTest@3551a94]" name="setup" is-config="true" duration-ms="10306" started-at="2016-04-21T16:23:05Z" finished-at="2016-04-21T16:23:15Z">
          <reporter-output>
          </reporter-output>
        </test-method> <!-- setup -->
        <test-method status="PASS" signature="checkLoginBtnAvl()[pri:0, instance:loginEasyops.EasyOpsLoginTest@3551a94]" name="checkLoginBtnAvl" duration-ms="102" started-at="2016-04-21T16:23:15Z" finished-at="2016-04-21T16:23:15Z">
          <reporter-output>
          </reporter-output>
        </test-method> <!-- checkLoginBtnAvl -->
      </class> <!-- loginEasyops.EasyOpsLoginTest -->
    </test> <!-- Batch-Listeners -->
  </suite> <!-- Suite-Listeners -->
</testng-results>
