<?xml version="1.0" encoding="UTF-8"?>
<testng-results skipped="0" failed="0" total="1" passed="1">
  <reporter-output>
  </reporter-output>
  <suite name="Suite-Listeners" duration-ms="8862" started-at="2016-04-10T07:49:45Z" finished-at="2016-04-10T07:49:53Z">
    <groups>
    </groups>
    <test name="Batch-Listeners" duration-ms="8862" started-at="2016-04-10T07:49:45Z" finished-at="2016-04-10T07:49:53Z">
      <class name="loginEasyops.EasyOpsLoginTest">
        <test-method status="PASS" signature="setup()[pri:0, instance:loginEasyops.EasyOpsLoginTest@1e643faf]" name="setup" is-config="true" duration-ms="8773" started-at="2016-04-10T13:19:45Z" finished-at="2016-04-10T13:19:53Z">
          <reporter-output>
          </reporter-output>
        </test-method> <!-- setup -->
        <test-method status="PASS" signature="checkLoginBtnAvl()[pri:0, instance:loginEasyops.EasyOpsLoginTest@1e643faf]" name="checkLoginBtnAvl" duration-ms="64" started-at="2016-04-10T13:19:53Z" finished-at="2016-04-10T13:19:53Z">
          <reporter-output>
          </reporter-output>
        </test-method> <!-- checkLoginBtnAvl -->
      </class> <!-- loginEasyops.EasyOpsLoginTest -->
    </test> <!-- Batch-Listeners -->
  </suite> <!-- Suite-Listeners -->
</testng-results>
